<?xml version="1.0" encoding="UTF-8"?>
<testsuite name="haza.demo.repository.JdbcMemberRepositoryTest" tests="1" skipped="0" failures="0" errors="0" timestamp="2023-09-08T06:04:10" hostname="DESKTOP-31C0P9F" time="0.024">
  <properties/>
  <testcase name="save()" classname="haza.demo.repository.JdbcMemberRepositoryTest" time="0.024"/>
  <system-out><![CDATA[2023-09-08 15:04:10.876  INFO 6676 --- [    Test worker] .b.t.c.SpringBootTestContextBootstrapper : Neither @ContextConfiguration nor @ContextHierarchy found for test class [haza.demo.repository.JdbcMemberRepositoryTest], using SpringBootContextLoader
2023-09-08 15:04:10.877  INFO 6676 --- [    Test worker] o.s.t.c.support.AbstractContextLoader    : Could not detect default resource locations for test class [haza.demo.repository.JdbcMemberRepositoryTest]: no resource found for suffixes {-context.xml, Context.groovy}.
2023-09-08 15:04:10.877  INFO 6676 --- [    Test worker] t.c.s.AnnotationConfigContextLoaderUtils : Could not detect default configuration classes for test class [haza.demo.repository.JdbcMemberRepositoryTest]: JdbcMemberRepositoryTest does not declare any static, non-private, non-final, nested classes annotated with @Configuration.
2023-09-08 15:04:10.879  INFO 6676 --- [    Test worker] .b.t.c.SpringBootTestContextBootstrapper : Found @SpringBootConfiguration haza.demo.DoApplication for test class haza.demo.repository.JdbcMemberRepositoryTest
2023-09-08 15:04:10.881  INFO 6676 --- [    Test worker] .b.t.c.SpringBootTestContextBootstrapper : Loaded default TestExecutionListener class names from location [META-INF/spring.factories]: [org.springframework.boot.test.autoconfigure.restdocs.RestDocsTestExecutionListener, org.springframework.boot.test.autoconfigure.web.client.MockRestServiceServerResetTestExecutionListener, org.springframework.boot.test.autoconfigure.web.servlet.MockMvcPrintOnlyOnFailureTestExecutionListener, org.springframework.boot.test.autoconfigure.web.servlet.WebDriverTestExecutionListener, org.springframework.boot.test.autoconfigure.webservices.client.MockWebServiceServerTestExecutionListener, org.springframework.boot.test.mock.mockito.MockitoTestExecutionListener, org.springframework.boot.test.mock.mockito.ResetMocksTestExecutionListener, org.springframework.test.context.web.ServletTestExecutionListener, org.springframework.test.context.support.DirtiesContextBeforeModesTestExecutionListener, org.springframework.test.context.event.ApplicationEventsTestExecutionListener, org.springframework.test.context.support.DependencyInjectionTestExecutionListener, org.springframework.test.context.support.DirtiesContextTestExecutionListener, org.springframework.test.context.transaction.TransactionalTestExecutionListener, org.springframework.test.context.jdbc.SqlScriptsTestExecutionListener, org.springframework.test.context.event.EventPublishingTestExecutionListener]
2023-09-08 15:04:10.881  INFO 6676 --- [    Test worker] .b.t.c.SpringBootTestContextBootstrapper : Using TestExecutionListeners: [org.springframework.test.context.web.ServletTestExecutionListener@2558f65c, org.springframework.test.context.support.DirtiesContextBeforeModesTestExecutionListener@11c3ce6a, org.springframework.test.context.event.ApplicationEventsTestExecutionListener@1a3b1f7e, org.springframework.boot.test.mock.mockito.MockitoTestExecutionListener@22899683, org.springframework.boot.test.autoconfigure.SpringBootDependencyInjectionTestExecutionListener@40017e98, org.springframework.test.context.support.DirtiesContextTestExecutionListener@4fbe486c, org.springframework.test.context.transaction.TransactionalTestExecutionListener@dbc7e0a, org.springframework.test.context.jdbc.SqlScriptsTestExecutionListener@636fccb0, org.springframework.test.context.event.EventPublishingTestExecutionListener@28519bfb, org.springframework.boot.test.autoconfigure.restdocs.RestDocsTestExecutionListener@15914bb5, org.springframework.boot.test.autoconfigure.web.client.MockRestServiceServerResetTestExecutionListener@7b332b23, org.springframework.boot.test.autoconfigure.web.servlet.MockMvcPrintOnlyOnFailureTestExecutionListener@66a472b9, org.springframework.boot.test.autoconfigure.web.servlet.WebDriverTestExecutionListener@428eb3d5, org.springframework.boot.test.autoconfigure.webservices.client.MockWebServiceServerTestExecutionListener@5ddd84d2, org.springframework.boot.test.mock.mockito.ResetMocksTestExecutionListener@3fd5d679]
2023-09-08 15:04:10.886  INFO 6676 --- [    Test worker] o.s.t.c.transaction.TransactionContext   : Began transaction (1) for test context [DefaultTestContext@4d065e1a testClass = JdbcMemberRepositoryTest, testInstance = haza.demo.repository.JdbcMemberRepositoryTest@7c4ca87c, testMethod = save@JdbcMemberRepositoryTest, testException = [null], mergedContextConfiguration = [WebMergedContextConfiguration@6dbbdf92 testClass = JdbcMemberRepositoryTest, locations = '{}', classes = '{class haza.demo.DoApplication}', contextInitializerClasses = '[]', activeProfiles = '{}', propertySourceLocations = '{}', propertySourceProperties = '{org.springframework.boot.test.context.SpringBootTestContextBootstrapper=true}', contextCustomizers = set[org.springframework.boot.test.autoconfigure.actuate.metrics.MetricsExportContextCustomizerFactory$DisableMetricExportContextCustomizer@7c209437, org.springframework.boot.test.autoconfigure.properties.PropertyMappingContextCustomizer@0, org.springframework.boot.test.autoconfigure.web.servlet.WebDriverContextCustomizerFactory$Customizer@19ae6bb, org.springframework.boot.test.context.filter.ExcludeFilterContextCustomizer@2bb7bd00, org.springframework.boot.test.json.DuplicateJsonObjectContextCustomizerFactory$DuplicateJsonObjectContextCustomizer@14b030a0, org.springframework.boot.test.mock.mockito.MockitoContextCustomizer@0, org.springframework.boot.test.web.client.TestRestTemplateContextCustomizer@27305e6, org.springframework.boot.test.context.SpringBootTestArgs@1, org.springframework.boot.test.context.SpringBootTestWebEnvironment@30b6ffe0], resourceBasePath = 'src/main/webapp', contextLoader = 'org.springframework.boot.test.context.SpringBootContextLoader', parent = [null]], attributes = map['org.springframework.test.context.web.ServletTestExecutionListener.activateListener' -> true, 'org.springframework.test.context.web.ServletTestExecutionListener.populatedRequestContextHolder' -> true, 'org.springframework.test.context.web.ServletTestExecutionListener.resetRequestContextHolder' -> true, 'org.springframework.test.context.event.ApplicationEventsTestExecutionListener.recordApplicationEvents' -> false]]; transaction manager [org.springframework.jdbc.support.JdbcTransactionManager@52aa7742]; rollback [true]
2023-09-08 15:04:10.907  INFO 6676 --- [    Test worker] o.s.t.c.transaction.TransactionContext   : Rolled back transaction for test: [DefaultTestContext@4d065e1a testClass = JdbcMemberRepositoryTest, testInstance = haza.demo.repository.JdbcMemberRepositoryTest@7c4ca87c, testMethod = save@JdbcMemberRepositoryTest, testException = [null], mergedContextConfiguration = [WebMergedContextConfiguration@6dbbdf92 testClass = JdbcMemberRepositoryTest, locations = '{}', classes = '{class haza.demo.DoApplication}', contextInitializerClasses = '[]', activeProfiles = '{}', propertySourceLocations = '{}', propertySourceProperties = '{org.springframework.boot.test.context.SpringBootTestContextBootstrapper=true}', contextCustomizers = set[org.springframework.boot.test.autoconfigure.actuate.metrics.MetricsExportContextCustomizerFactory$DisableMetricExportContextCustomizer@7c209437, org.springframework.boot.test.autoconfigure.properties.PropertyMappingContextCustomizer@0, org.springframework.boot.test.autoconfigure.web.servlet.WebDriverContextCustomizerFactory$Customizer@19ae6bb, org.springframework.boot.test.context.filter.ExcludeFilterContextCustomizer@2bb7bd00, org.springframework.boot.test.json.DuplicateJsonObjectContextCustomizerFactory$DuplicateJsonObjectContextCustomizer@14b030a0, org.springframework.boot.test.mock.mockito.MockitoContextCustomizer@0, org.springframework.boot.test.web.client.TestRestTemplateContextCustomizer@27305e6, org.springframework.boot.test.context.SpringBootTestArgs@1, org.springframework.boot.test.context.SpringBootTestWebEnvironment@30b6ffe0], resourceBasePath = 'src/main/webapp', contextLoader = 'org.springframework.boot.test.context.SpringBootContextLoader', parent = [null]], attributes = map['org.springframework.test.context.web.ServletTestExecutionListener.activateListener' -> true, 'org.springframework.test.context.web.ServletTestExecutionListener.populatedRequestContextHolder' -> true, 'org.springframework.test.context.web.ServletTestExecutionListener.resetRequestContextHolder' -> true, 'org.springframework.test.context.event.ApplicationEventsTestExecutionListener.recordApplicationEvents' -> false]]
]]></system-out>
  <system-err><![CDATA[]]></system-err>
</testsuite>
